2026-07-12T03:38:02.875276114Z [inf]  scheduling build on Metal builder "production-builderv3-us-west1-szqx"
2026-07-12T03:38:03.900322449Z [inf]  unpacking archive
2026-07-12T03:38:03.984859898Z [inf]  uploading snapshot
2026-07-12T03:38:04.001440507Z [inf]  using build driver railpack-v0.30.1
2026-07-12T03:38:04.077774958Z [err]   INFO No package manager inferred, using npm default
2026-07-12T03:38:04.114164342Z [inf]                     
2026-07-12T03:38:04.114166353Z [inf]  [38;2;125;86;243m╭─────────────────╮[0m
2026-07-12T03:38:04.114167060Z [inf]  [38;2;125;86;243m│[0m Railpack 0.30.1 [38;2;125;86;243m│[0m
2026-07-12T03:38:04.114167914Z [inf]  [38;2;125;86;243m╰─────────────────╯[0m
2026-07-12T03:38:04.114168418Z [inf]  
2026-07-12T03:38:04.114169565Z [inf]    [97m↳ Detected Node[0m
2026-07-12T03:38:04.114170692Z [inf]    [97m↳ Using npm package manager[0m
2026-07-12T03:38:04.114171815Z [inf]    [1;31m✖ No start command detected. Specify a start command: https://railpack.com/config/file[0m
2026-07-12T03:38:04.114172653Z [inf]    
2026-07-12T03:38:04.114173798Z [inf]    To configure your start command, Railpack will check:
2026-07-12T03:38:04.114174455Z [inf]    
2026-07-12T03:38:04.114175041Z [inf]    1. A "start" script in your package.json:
2026-07-12T03:38:04.114175645Z [inf]       "scripts": {
2026-07-12T03:38:04.114176142Z [inf]         "start": "node index.js"
2026-07-12T03:38:04.114176752Z [inf]       }
2026-07-12T03:38:04.114177219Z [inf]    
2026-07-12T03:38:04.114177960Z [inf]    2. A "main" field in your package.json pointing to your entry file:
2026-07-12T03:38:04.114178440Z [inf]       "main": "src/server.js"
2026-07-12T03:38:04.114179014Z [inf]    
2026-07-12T03:38:04.114179839Z [inf]    3. An index.js or index.ts file in your project root
2026-07-12T03:38:04.114180434Z [inf]    
2026-07-12T03:38:04.114181442Z [inf]    If you have a static site, you can set the RAILPACK_SPA_OUTPUT_DIR environment variable
2026-07-12T03:38:04.114182490Z [inf]    containing the directory of your built static files.
2026-07-12T03:38:04.114183465Z [inf]  
2026-07-12T03:38:04.114184186Z [inf]  
2026-07-12T03:38:04.114286289Z [err]  railpack process exited with an error